🎮 SkillDuels Server running on port 3001
User connected: MCHkSfXmdD9xGG0nAAAC
User connected: FUrp7ctp-c3ORWOiAAAD
User disconnected: MCHkSfXmdD9xGG0nAAAC
User disconnected: FUrp7ctp-c3ORWOiAAAD
User connected: GYCblfojWa8Wc40_AAAF
damn5 joined room 1E7SOZ
User connected: FLHqECc4ZGqs1BJCAAAH
damn joined room 1E7SOZ
User disconnected: FLHqECc4ZGqs1BJCAAAH
User connected: zWh4viHlhrU4CH71AAAJ
damn joined room 1E7SOZ
Game mode pushup-battle selected in 1E7SOZ
damn (zWh4viHlhrU4CH71AAAJ) is ready in 1E7SOZ
damn5 (GYCblfojWa8Wc40_AAAF) is ready in 1E7SOZ
Room 1E7SOZ - both players ready!
📋 SERVER: Showing rules for pushup-battle in room 1E7SOZ
📋 SERVER: Broadcasting to all clients in room
📋 SERVER: Emitted show-rules-screen event
damn accepted rules in 1E7SOZ
damn5 accepted rules in 1E7SOZ
⏱️ Starting countdown in 1E7SOZ
Game started in 1E7SOZ - Mode: pushup-battle, Item: wine glass
Game started in 1E7SOZ - Mode: pushup-battle, Item: apple
damn5 selected 90 pushups in 1E7SOZ
damn selected 80 pushups in 1E7SOZ
User disconnected: GYCblfojWa8Wc40_AAAF
User disconnected: zWh4viHlhrU4CH71AAAJ
